{"/home/mukesh/node-app/node-app/gitCheckerStart/controllers/gitController.js":{"path":"/home/mukesh/node-app/node-app/gitCheckerStart/controllers/gitController.js","s":{"1":1,"2":1,"3":1,"4":1,"5":1,"6":1,"7":1},"b":{},"f":{"1":1,"2":1,"3":1},"fnMap":{"1":{"name":"(anonymous_1)","line":3,"loc":{"start":{"line":3,"column":17},"end":{"line":3,"column":29}}},"2":{"name":"(anonymous_2)","line":4,"loc":{"start":{"line":4,"column":18},"end":{"line":4,"column":38}}},"3":{"name":"(anonymous_3)","line":7,"loc":{"start":{"line":7,"column":40},"end":{"line":7,"column":56}}}},"statementMap":{"1":{"start":{"line":2,"column":0},"end":{"line":2,"column":53}},"2":{"start":{"line":3,"column":0},"end":{"line":15,"column":2}},"3":{"start":{"line":4,"column":4},"end":{"line":11,"column":5}},"4":{"start":{"line":5,"column":8},"end":{"line":5,"column":39}},"5":{"start":{"line":7,"column":8},"end":{"line":9,"column":11}},"6":{"start":{"line":8,"column":12},"end":{"line":8,"column":27}},"7":{"start":{"line":12,"column":4},"end":{"line":14,"column":5}}},"branchMap":{}},"/home/mukesh/node-app/node-app/gitCheckerStart/services/gitService.js":{"path":"/home/mukesh/node-app/node-app/gitCheckerStart/services/gitService.js","s":{"1":1,"2":1,"3":2,"4":2,"5":2,"6":2,"7":2,"8":16,"9":2,"10":2,"11":2,"12":2,"13":2,"14":2,"15":2,"16":2,"17":2,"18":3,"19":2,"20":2,"21":2,"22":2,"23":2,"24":2,"25":0,"26":2,"27":2},"b":{},"f":{"1":2,"2":2,"3":2,"4":16,"5":2,"6":2,"7":2,"8":2,"9":3,"10":2,"11":2},"fnMap":{"1":{"name":"(anonymous_1)","line":4,"loc":{"start":{"line":4,"column":17},"end":{"line":4,"column":29}}},"2":{"name":"(anonymous_2)","line":5,"loc":{"start":{"line":5,"column":19},"end":{"line":5,"column":41}}},"3":{"name":"(anonymous_3)","line":12,"loc":{"start":{"line":12,"column":23},"end":{"line":12,"column":43}}},"4":{"name":"(anonymous_4)","line":15,"loc":{"start":{"line":15,"column":32},"end":{"line":15,"column":49}}},"5":{"name":"(anonymous_5)","line":20,"loc":{"start":{"line":20,"column":16},"end":{"line":20,"column":28}}},"6":{"name":"(anonymous_6)","line":28,"loc":{"start":{"line":28,"column":18},"end":{"line":28,"column":36}}},"7":{"name":"(anonymous_7)","line":29,"loc":{"start":{"line":29,"column":27},"end":{"line":29,"column":44}}},"8":{"name":"(anonymous_8)","line":37,"loc":{"start":{"line":37,"column":27},"end":{"line":37,"column":47}}},"9":{"name":"(anonymous_9)","line":41,"loc":{"start":{"line":41,"column":36},"end":{"line":41,"column":53}}},"10":{"name":"(anonymous_10)","line":45,"loc":{"start":{"line":45,"column":35},"end":{"line":45,"column":47}}},"11":{"name":"(anonymous_11)","line":47,"loc":{"start":{"line":47,"column":37},"end":{"line":47,"column":54}}}},"statementMap":{"1":{"start":{"line":1,"column":0},"end":{"line":1,"column":29}},"2":{"start":{"line":4,"column":0},"end":{"line":68,"column":2}},"3":{"start":{"line":5,"column":4},"end":{"line":27,"column":5}},"4":{"start":{"line":6,"column":8},"end":{"line":10,"column":10}},"5":{"start":{"line":12,"column":8},"end":{"line":24,"column":10}},"6":{"start":{"line":13,"column":12},"end":{"line":13,"column":25}},"7":{"start":{"line":15,"column":12},"end":{"line":17,"column":15}},"8":{"start":{"line":16,"column":16},"end":{"line":16,"column":29}},"9":{"start":{"line":19,"column":12},"end":{"line":23,"column":14}},"10":{"start":{"line":21,"column":20},"end":{"line":21,"column":40}},"11":{"start":{"line":26,"column":8},"end":{"line":26,"column":47}},"12":{"start":{"line":28,"column":4},"end":{"line":62,"column":6}},"13":{"start":{"line":29,"column":8},"end":{"line":61,"column":10}},"14":{"start":{"line":31,"column":12},"end":{"line":35,"column":14}},"15":{"start":{"line":37,"column":12},"end":{"line":57,"column":14}},"16":{"start":{"line":39,"column":16},"end":{"line":39,"column":29}},"17":{"start":{"line":41,"column":16},"end":{"line":43,"column":19}},"18":{"start":{"line":42,"column":20},"end":{"line":42,"column":33}},"19":{"start":{"line":45,"column":16},"end":{"line":53,"column":19}},"20":{"start":{"line":46,"column":20},"end":{"line":46,"column":47}},"21":{"start":{"line":47,"column":20},"end":{"line":51,"column":22}},"22":{"start":{"line":49,"column":24},"end":{"line":49,"column":43}},"23":{"start":{"line":50,"column":24},"end":{"line":50,"column":38}},"24":{"start":{"line":54,"column":16},"end":{"line":56,"column":19}},"25":{"start":{"line":55,"column":20},"end":{"line":55,"column":70}},"26":{"start":{"line":60,"column":12},"end":{"line":60,"column":51}},"27":{"start":{"line":64,"column":4},"end":{"line":66,"column":6}}},"branchMap":{}}}