TN:
SF:/home/mukesh/node-app/node-app/gitCheckerStart/controllers/gitController.js
FN:3,(anonymous_1)
FN:4,(anonymous_2)
FN:7,(anonymous_3)
FNF:3
FNH:3
FNDA:1,(anonymous_1)
FNDA:1,(anonymous_2)
FNDA:1,(anonymous_3)
DA:2,1
DA:3,1
DA:4,1
DA:5,1
DA:7,1
DA:8,1
DA:12,1
LF:7
LH:7
BRF:0
BRH:0
end_of_record
TN:
SF:/home/mukesh/node-app/node-app/gitCheckerStart/services/gitService.js
FN:4,(anonymous_1)
FN:5,(anonymous_2)
FN:12,(anonymous_3)
FN:15,(anonymous_4)
FN:20,(anonymous_5)
FN:28,(anonymous_6)
FN:29,(anonymous_7)
FN:37,(anonymous_8)
FN:41,(anonymous_9)
FN:45,(anonymous_10)
FN:47,(anonymous_11)
FNF:11
FNH:11
FNDA:2,(anonymous_1)
FNDA:2,(anonymous_2)
FNDA:2,(anonymous_3)
FNDA:16,(anonymous_4)
FNDA:2,(anonymous_5)
FNDA:2,(anonymous_6)
FNDA:2,(anonymous_7)
FNDA:2,(anonymous_8)
FNDA:3,(anonymous_9)
FNDA:2,(anonymous_10)
FNDA:2,(anonymous_11)
DA:1,1
DA:4,1
DA:5,2
DA:6,2
DA:12,2
DA:13,2
DA:15,2
DA:16,16
DA:19,2
DA:21,2
DA:26,2
DA:28,2
DA:29,2
DA:31,2
DA:37,2
DA:39,2
DA:41,2
DA:42,3
DA:45,2
DA:46,2
DA:47,2
DA:49,2
DA:50,2
DA:54,2
DA:55,0
DA:60,2
DA:64,2
LF:27
LH:26
BRF:0
BRH:0
end_of_record
