{"/home/mukesh/node-app/node-app/controllers/auth.controller.js":{"path":"/home/mukesh/node-app/node-app/controllers/auth.controller.js","s":{"1":1,"2":1,"3":1,"4":1,"5":3,"6":3,"7":1,"8":2,"9":1,"10":2,"11":2,"12":1,"13":1,"14":1,"15":1,"16":1,"17":1,"18":1,"19":1,"20":3,"21":3,"22":1,"23":1,"24":1,"25":1,"26":1},"b":{"1":[2,0],"2":[1,1]},"f":{"1":1,"2":3,"3":2,"4":2,"5":1,"6":1,"7":1,"8":1,"9":1,"10":3},"fnMap":{"1":{"name":"AuthController","line":1,"loc":{"start":{"line":1,"column":0},"end":{"line":1,"column":25}}},"2":{"name":"setRoles","line":5,"loc":{"start":{"line":5,"column":4},"end":{"line":5,"column":27}}},"3":{"name":"setUser","line":10,"loc":{"start":{"line":10,"column":4},"end":{"line":10,"column":28}}},"4":{"name":"isAuthorized","line":14,"loc":{"start":{"line":14,"column":4},"end":{"line":14,"column":37}}},"5":{"name":"isAuthorizedAsync","line":24,"loc":{"start":{"line":24,"column":4},"end":{"line":24,"column":46}}},"6":{"name":"(anonymous_6)","line":25,"loc":{"start":{"line":25,"column":19},"end":{"line":25,"column":29}}},"7":{"name":"isAuthorizedPromise","line":30,"loc":{"start":{"line":30,"column":4},"end":{"line":30,"column":48}}},"8":{"name":"(anonymous_8)","line":31,"loc":{"start":{"line":31,"column":27},"end":{"line":31,"column":44}}},"9":{"name":"(anonymous_9)","line":32,"loc":{"start":{"line":32,"column":23},"end":{"line":32,"column":33}}},"10":{"name":"getIndex","line":38,"loc":{"start":{"line":38,"column":4},"end":{"line":38,"column":31}}}},"statementMap":{"1":{"start":{"line":1,"column":0},"end":{"line":50,"column":1}},"2":{"start":{"line":3,"column":4},"end":{"line":3,"column":14}},"3":{"start":{"line":4,"column":4},"end":{"line":4,"column":13}},"4":{"start":{"line":5,"column":4},"end":{"line":8,"column":5}},"5":{"start":{"line":6,"column":8},"end":{"line":6,"column":21}},"6":{"start":{"line":7,"column":8},"end":{"line":7,"column":26}},"7":{"start":{"line":10,"column":4},"end":{"line":12,"column":5}},"8":{"start":{"line":11,"column":8},"end":{"line":11,"column":22}},"9":{"start":{"line":14,"column":4},"end":{"line":18,"column":5}},"10":{"start":{"line":15,"column":8},"end":{"line":17,"column":9}},"11":{"start":{"line":16,"column":12},"end":{"line":16,"column":49}},"12":{"start":{"line":24,"column":4},"end":{"line":28,"column":5}},"13":{"start":{"line":25,"column":8},"end":{"line":27,"column":14}},"14":{"start":{"line":26,"column":12},"end":{"line":26,"column":47}},"15":{"start":{"line":30,"column":4},"end":{"line":36,"column":5}},"16":{"start":{"line":31,"column":8},"end":{"line":35,"column":11}},"17":{"start":{"line":32,"column":12},"end":{"line":34,"column":18}},"18":{"start":{"line":33,"column":16},"end":{"line":33,"column":56}},"19":{"start":{"line":38,"column":4},"end":{"line":47,"column":5}},"20":{"start":{"line":39,"column":8},"end":{"line":46,"column":9}},"21":{"start":{"line":40,"column":12},"end":{"line":42,"column":13}},"22":{"start":{"line":41,"column":16},"end":{"line":41,"column":43}},"23":{"start":{"line":43,"column":12},"end":{"line":43,"column":34}},"24":{"start":{"line":45,"column":12},"end":{"line":45,"column":32}},"25":{"start":{"line":49,"column":4},"end":{"line":49,"column":105}},"26":{"start":{"line":52,"column":0},"end":{"line":52,"column":34}}},"branchMap":{"1":{"line":15,"type":"if","locations":[{"start":{"line":15,"column":8},"end":{"line":15,"column":8}},{"start":{"line":15,"column":8},"end":{"line":15,"column":8}}]},"2":{"line":40,"type":"if","locations":[{"start":{"line":40,"column":12},"end":{"line":40,"column":12}},{"start":{"line":40,"column":12},"end":{"line":40,"column":12}}]}}}}