TN:
SF:/home/mukesh/node-app/node-app/controllers/auth.controller.js
FN:1,AuthController
FN:5,setRoles
FN:10,setUser
FN:14,isAuthorized
FN:24,isAuthorizedAsync
FN:25,(anonymous_6)
FN:30,isAuthorizedPromise
FN:31,(anonymous_8)
FN:32,(anonymous_9)
FN:38,getIndex
FNF:10
FNH:10
FNDA:1,AuthController
FNDA:3,setRoles
FNDA:2,setUser
FNDA:2,isAuthorized
FNDA:1,isAuthorizedAsync
FNDA:1,(anonymous_6)
FNDA:1,isAuthorizedPromise
FNDA:1,(anonymous_8)
FNDA:1,(anonymous_9)
FNDA:3,getIndex
DA:1,1
DA:3,1
DA:4,1
DA:5,1
DA:6,3
DA:7,3
DA:10,1
DA:11,2
DA:14,1
DA:15,2
DA:16,2
DA:24,1
DA:25,1
DA:26,1
DA:30,1
DA:31,1
DA:32,1
DA:33,1
DA:38,1
DA:39,3
DA:40,3
DA:41,1
DA:43,1
DA:45,1
DA:49,1
DA:52,1
LF:26
LH:26
BRDA:15,1,0,2
BRDA:15,1,1,0
BRDA:40,2,0,1
BRDA:40,2,1,1
BRF:4
BRH:3
end_of_record
